#
# There is insufficient memory for the Java Runtime Environment to continue.
# Native memory allocation (malloc) failed to allocate 304768 bytes for Chunk::new
# Possible reasons:
#   The system is out of physical RAM or swap space
#   The process is running with CompressedOops enabled, and the Java Heap may be blocking the growth of the native heap
# Possible solutions:
#   Reduce memory load on the system
#   Increase physical memory or swap space
#   Check if swap backing store is full
#   Decrease Java heap size (-Xmx/-Xms)
#   Decrease number of Java threads
#   Decrease Java thread stack sizes (-Xss)
#   Set larger code cache with -XX:ReservedCodeCacheSize=
#   JVM is running with Unscaled Compressed Oops mode in which the Java heap is
#     placed in the first 4GB address space. The Java Heap base address is the
#     maximum limit for the native heap growth. Please use -XX:HeapBaseMinAddress
#     to set the Java Heap base and to place the Java Heap above 4GB virtual address.
# This output file may be truncated or incomplete.
#
#  Out of Memory Error (./open/src/hotspot/share/memory/arena.cpp:195), pid=7220, tid=13980
#
# JRE version: OpenJDK Runtime Environment (14.0.2+12) (build 14.0.2+12-46)
# Java VM: OpenJDK 64-Bit Server VM (14.0.2+12-46, mixed mode, tiered, compressed oops, g1 gc, windows-amd64)
# No core dump will be written. Minidumps are not enabled by default on client versions of Windows
#

---------------  S U M M A R Y ------------

Command Line: -ea -Dfile.encoding=Cp1254 -XX:+ShowCodeDetailsInExceptionMessages org.testng.remote.RemoteTestNG -serport 54125 -protocol json -d C:\Users\Aziz Tokhirov\git\automation_practice\automation_practice\test-output C:\Users\AZIZTO~1\AppData\Local\Temp\testng-eclipse--571957090\testng-customsuite.xml

Host: Intel(R) Core(TM) i7-6500U CPU @ 2.50GHz, 4 cores, 7G,  Windows 10 , 64 bit Build 18362 (10.0.18362.1110)
Time: Thu Nov 12 17:30:30 2020 Türkiye Standart Saati elapsed time: 1 seconds (0d 0h 0m 1s)

---------------  T H R E A D  ---------------

Current thread (0x0000026b325ca800):  JavaThread "C2 CompilerThread0" daemon [_thread_in_native, id=13980, stack(0x0000009941a00000,0x0000009941b00000)]


Current CompileTask:
C2:   1261 1361 %     4       sun.security.util.AbstractAlgorithmConstraints::checkAlgorithm @ 98 (140 bytes)

Stack: [0x0000009941a00000,0x0000009941b00000]
Native frames: (J=compiled Java code, j=interpreted, Vv=VM code, C=native code)
V  [jvm.dll+0x5f8a9a]
V  [jvm.dll+0x74247a]
V  [jvm.dll+0x743c2f]
V  [jvm.dll+0x744273]
V  [jvm.dll+0x20d288]
V  [jvm.dll+0xabb07]
V  [jvm.dll+0xac1fc]
V  [jvm.dll+0x31c495]
V  [jvm.dll+0x2e6b38]
V  [jvm.dll+0x2e5f3a]
V  [jvm.dll+0x1e5e16]
V  [jvm.dll+0x1e50b8]
V  [jvm.dll+0x1779cc]
V  [jvm.dll+0x1f4105]
V  [jvm.dll+0x1f22eb]
V  [jvm.dll+0x7070cd]
V  [jvm.dll+0x6ffeda]
V  [jvm.dll+0x5f78f6]
C  [ucrtbase.dll+0x210b2]
C  [KERNEL32.DLL+0x17c24]
C  [ntdll.dll+0x6cea1]


---------------  P R O C E S S  ---------------

Threads class SMR info:
_java_thread_list=0x0000026b3315df70, length=13, elements={
0x0000026b18006000, 0x0000026b31d67800, 0x0000026b31d68000, 0x0000026b32593800,
0x0000026b32596800, 0x0000026b32598000, 0x0000026b325ca800, 0x0000026b325cd800,
0x0000026b325e0800, 0x0000026b3273a000, 0x0000026b3273b800, 0x0000026b32ee4800,
0x0000026b33c57800
}

Java Threads: ( => current thread )
  0x0000026b18006000 JavaThread "main" [_thread_blocked, id=21088, stack(0x0000009940e00000,0x0000009940f00000)]
  0x0000026b31d67800 JavaThread "Reference Handler" daemon [_thread_blocked, id=24356, stack(0x0000009941500000,0x0000009941600000)]
  0x0000026b31d68000 JavaThread "Finalizer" daemon [_thread_blocked, id=17316, stack(0x0000009941600000,0x0000009941700000)]
  0x0000026b32593800 JavaThread "Signal Dispatcher" daemon [_thread_blocked, id=21452, stack(0x0000009941700000,0x0000009941800000)]
  0x0000026b32596800 JavaThread "Attach Listener" daemon [_thread_blocked, id=20052, stack(0x0000009941800000,0x0000009941900000)]
  0x0000026b32598000 JavaThread "Service Thread" daemon [_thread_blocked, id=19288, stack(0x0000009941900000,0x0000009941a00000)]
=>0x0000026b325ca800 JavaThread "C2 CompilerThread0" daemon [_thread_in_native, id=13980, stack(0x0000009941a00000,0x0000009941b00000)]
  0x0000026b325cd800 JavaThread "C1 CompilerThread0" daemon [_thread_blocked, id=9636, stack(0x0000009941b00000,0x0000009941c00000)]
  0x0000026b325e0800 JavaThread "Sweeper thread" daemon [_thread_blocked, id=24560, stack(0x0000009941c00000,0x0000009941d00000)]
  0x0000026b3273a000 JavaThread "Notification Thread" daemon [_thread_blocked, id=8044, stack(0x0000009941d00000,0x0000009941e00000)]
  0x0000026b3273b800 JavaThread "Common-Cleaner" daemon [_thread_blocked, id=6552, stack(0x0000009941f00000,0x0000009942000000)]
  0x0000026b32ee4800 JavaThread "ReaderThread" [_thread_in_native, id=18648, stack(0x0000009942100000,0x0000009942200000)]
  0x0000026b33c57800 JavaThread "C2 CompilerThread1" daemon [_thread_blocked, id=21224, stack(0x0000009942700000,0x0000009942800000)]

Other Threads:
  0x0000026b3257e000 VMThread "VM Thread" [stack: 0x0000009941400000,0x0000009941500000] [id=7508]
  0x0000026b3273a800 WatcherThread [stack: 0x0000009941e00000,0x0000009941f00000] [id=6264]
  0x0000026b18046000 GCTaskThread "GC Thread#0" [stack: 0x0000009940f00000,0x0000009941000000] [id=13624]
  0x0000026b33161800 GCTaskThread "GC Thread#1" [stack: 0x0000009942200000,0x0000009942300000] [id=2100]
  0x0000026b33162000 GCTaskThread "GC Thread#2" [stack: 0x0000009942300000,0x0000009942400000] [id=24192]
  0x0000026b33163000 GCTaskThread "GC Thread#3" [stack: 0x0000009942400000,0x0000009942500000] [id=13136]
  0x0000026b18057800 ConcurrentGCThread "G1 Main Marker" [stack: 0x0000009941000000,0x0000009941100000] [id=16564]
  0x0000026b1805a800 ConcurrentGCThread "G1 Conc#0" [stack: 0x0000009941100000,0x0000009941200000] [id=21000]
  0x0000026b31b87800 ConcurrentGCThread "G1 Refine#0" [stack: 0x0000009941200000,0x0000009941300000] [id=12108]
  0x0000026b33163800 ConcurrentGCThread "G1 Refine#1" [stack: 0x0000009942500000,0x0000009942600000] [id=16836]
  0x0000026b31b8a800 ConcurrentGCThread "G1 Young RemSet Sampling" [stack: 0x0000009941300000,0x0000009941400000] [id=17832]

Threads with active compile tasks:
C2 CompilerThread0     1392 1361 %     4       sun.security.util.AbstractAlgorithmConstraints::checkAlgorithm @ 98 (140 bytes)
C2 CompilerThread1     1392 1351       4       java.util.HashMap$KeySet::iterator (12 bytes)

VM state:at safepoint (normal execution)

VM Mutex/Monitor currently owned by a thread:  ([mutex/lock_event])
[0x0000026b18002820] Threads_lock - owner thread: 0x0000026b3257e000
[0x0000026b18003360] Heap_lock - owner thread: 0x0000026b18006000

Heap address: 0x0000000081200000, size: 2030 MB, Compressed Oops mode: 32-bit
Narrow klass base: 0x0000000000000000, Narrow klass shift: 3
Compressed class space size: 1073741824 Address: 0x0000000100000000

Heap:
 garbage-first heap   total 131072K, used 5564K [0x0000000081200000, 0x0000000100000000)
  region size 1024K, 2 young (2048K), 2 survivors (2048K)
 Metaspace       used 17809K, capacity 18020K, committed 18176K, reserved 1073152K
  class space    used 1842K, capacity 1943K, committed 2048K, reserved 1048576K
Heap Regions: E=young(eden), S=young(survivor), O=old, HS=humongous(starts), HC=humongous(continues), CS=collection set, F=free, OA=open archive, CA=closed archive, TAMS=top-at-mark-start (previous, next)
|   0|0x0000000081200000, 0x0000000081300000, 0x0000000081300000|100%| O|  |TAMS 0x0000000081200000, 0x0000000081300000| Untracked 
|   1|0x0000000081300000, 0x0000000081400000, 0x0000000081400000|100%| O|  |TAMS 0x0000000081300000, 0x0000000081400000| Untracked 
|   2|0x0000000081400000, 0x0000000081500000, 0x0000000081500000|100%| O|  |TAMS 0x0000000081400000, 0x0000000081500000| Untracked 
|   3|0x0000000081500000, 0x0000000081589a00, 0x0000000081600000| 53%| O|  |TAMS 0x0000000081500000, 0x0000000081589a00| Untracked 
|   4|0x0000000081600000, 0x0000000081600000, 0x0000000081700000|  0%| F|  |TAMS 0x0000000081600000, 0x0000000081600000| Untracked 
|   5|0x0000000081700000, 0x0000000081700000, 0x0000000081800000|  0%| F|  |TAMS 0x0000000081700000, 0x0000000081700000| Untracked 
|   6|0x0000000081800000, 0x0000000081800000, 0x0000000081900000|  0%| F|  |TAMS 0x0000000081800000, 0x0000000081800000| Untracked 
|   7|0x0000000081900000, 0x0000000081900000, 0x0000000081a00000|  0%| F|  |TAMS 0x0000000081900000, 0x0000000081900000| Untracked 
|   8|0x0000000081a00000, 0x0000000081a00000, 0x0000000081b00000|  0%| F|  |TAMS 0x0000000081a00000, 0x0000000081a00000| Untracked 
|   9|0x0000000081b00000, 0x0000000081b00000, 0x0000000081c00000|  0%| F|  |TAMS 0x0000000081b00000, 0x0000000081b00000| Untracked 
|  10|0x0000000081c00000, 0x0000000081c00000, 0x0000000081d00000|  0%| F|  |TAMS 0x0000000081c00000, 0x0000000081c00000| Untracked 
|  11|0x0000000081d00000, 0x0000000081d00000, 0x0000000081e00000|  0%| F|  |TAMS 0x0000000081d00000, 0x0000000081d00000| Untracked 
|  12|0x0000000081e00000, 0x0000000081e00000, 0x0000000081f00000|  0%| F|  |TAMS 0x0000000081e00000, 0x0000000081e00000| Untracked 
|  13|0x0000000081f00000, 0x0000000081f00000, 0x0000000082000000|  0%| F|  |TAMS 0x0000000081f00000, 0x0000000081f00000| Untracked 
|  14|0x0000000082000000, 0x0000000082000000, 0x0000000082100000|  0%| F|  |TAMS 0x0000000082000000, 0x0000000082000000| Untracked 
|  15|0x0000000082100000, 0x0000000082100000, 0x0000000082200000|  0%| F|  |TAMS 0x0000000082100000, 0x0000000082100000| Untracked 
|  16|0x0000000082200000, 0x0000000082200000, 0x0000000082300000|  0%| F|  |TAMS 0x0000000082200000, 0x0000000082200000| Untracked 
|  17|0x0000000082300000, 0x0000000082300000, 0x0000000082400000|  0%| F|  |TAMS 0x0000000082300000, 0x0000000082300000| Untracked 
|  18|0x0000000082400000, 0x0000000082400000, 0x0000000082500000|  0%| F|  |TAMS 0x0000000082400000, 0x0000000082400000| Untracked 
|  19|0x0000000082500000, 0x0000000082500000, 0x0000000082600000|  0%| F|  |TAMS 0x0000000082500000, 0x0000000082500000| Untracked 
|  20|0x0000000082600000, 0x0000000082600000, 0x0000000082700000|  0%| F|  |TAMS 0x0000000082600000, 0x0000000082600000| Untracked 
|  21|0x0000000082700000, 0x0000000082700000, 0x0000000082800000|  0%| F|  |TAMS 0x0000000082700000, 0x0000000082700000| Untracked 
|  22|0x0000000082800000, 0x0000000082800000, 0x0000000082900000|  0%| F|  |TAMS 0x0000000082800000, 0x0000000082800000| Untracked 
|  23|0x0000000082900000, 0x0000000082900000, 0x0000000082a00000|  0%| F|  |TAMS 0x0000000082900000, 0x0000000082900000| Untracked 
|  24|0x0000000082a00000, 0x0000000082a00000, 0x0000000082b00000|  0%| F|  |TAMS 0x0000000082a00000, 0x0000000082a00000| Untracked 
|  25|0x0000000082b00000, 0x0000000082b00000, 0x0000000082c00000|  0%| F|  |TAMS 0x0000000082b00000, 0x0000000082b00000| Untracked 
|  26|0x0000000082c00000, 0x0000000082c00000, 0x0000000082d00000|  0%| F|  |TAMS 0x0000000082c00000, 0x0000000082c00000| Untracked 
|  27|0x0000000082d00000, 0x0000000082d00000, 0x0000000082e00000|  0%| F|  |TAMS 0x0000000082d00000, 0x0000000082d00000| Untracked 
|  28|0x0000000082e00000, 0x0000000082e00000, 0x0000000082f00000|  0%| F|  |TAMS 0x0000000082e00000, 0x0000000082e00000| Untracked 
|  29|0x0000000082f00000, 0x0000000082f00000, 0x0000000083000000|  0%| F|  |TAMS 0x0000000082f00000, 0x0000000082f00000| Untracked 
|  30|0x0000000083000000, 0x0000000083000000, 0x0000000083100000|  0%| F|  |TAMS 0x0000000083000000, 0x0000000083000000| Untracked 
|  31|0x0000000083100000, 0x0000000083100000, 0x0000000083200000|  0%| F|  |TAMS 0x0000000083100000, 0x0000000083100000| Untracked 
|  32|0x0000000083200000, 0x0000000083200000, 0x0000000083300000|  0%| F|  |TAMS 0x0000000083200000, 0x0000000083200000| Untracked 
|  33|0x0000000083300000, 0x0000000083300000, 0x0000000083400000|  0%| F|  |TAMS 0x0000000083300000, 0x0000000083300000| Untracked 
|  34|0x0000000083400000, 0x0000000083400000, 0x0000000083500000|  0%| F|  |TAMS 0x0000000083400000, 0x0000000083400000| Untracked 
|  35|0x0000000083500000, 0x0000000083500000, 0x0000000083600000|  0%| F|  |TAMS 0x0000000083500000, 0x0000000083500000| Untracked 
|  36|0x0000000083600000, 0x0000000083600000, 0x0000000083700000|  0%| F|  |TAMS 0x0000000083600000, 0x0000000083600000| Untracked 
|  37|0x0000000083700000, 0x0000000083700000, 0x0000000083800000|  0%| F|  |TAMS 0x0000000083700000, 0x0000000083700000| Untracked 
|  38|0x0000000083800000, 0x0000000083800000, 0x0000000083900000|  0%| F|  |TAMS 0x0000000083800000, 0x0000000083800000| Untracked 
|  39|0x0000000083900000, 0x0000000083900000, 0x0000000083a00000|  0%| F|  |TAMS 0x0000000083900000, 0x0000000083900000| Untracked 
|  40|0x0000000083a00000, 0x0000000083a00000, 0x0000000083b00000|  0%| F|  |TAMS 0x0000000083a00000, 0x0000000083a00000| Untracked 
|  41|0x0000000083b00000, 0x0000000083b00000, 0x0000000083c00000|  0%| F|  |TAMS 0x0000000083b00000, 0x0000000083b00000| Untracked 
|  42|0x0000000083c00000, 0x0000000083c00000, 0x0000000083d00000|  0%| F|  |TAMS 0x0000000083c00000, 0x0000000083c00000| Untracked 
|  43|0x0000000083d00000, 0x0000000083d00000, 0x0000000083e00000|  0%| F|  |TAMS 0x0000000083d00000, 0x0000000083d00000| Untracked 
|  44|0x0000000083e00000, 0x0000000083e00000, 0x0000000083f00000|  0%| F|  |TAMS 0x0000000083e00000, 0x0000000083e00000| Untracked 
|  45|0x0000000083f00000, 0x0000000083f00000, 0x0000000084000000|  0%| F|  |TAMS 0x0000000083f00000, 0x0000000083f00000| Untracked 
|  46|0x0000000084000000, 0x0000000084000000, 0x0000000084100000|  0%| F|  |TAMS 0x0000000084000000, 0x0000000084000000| Untracked 
|  47|0x0000000084100000, 0x0000000084100000, 0x0000000084200000|  0%| F|  |TAMS 0x0000000084100000, 0x0000000084100000| Untracked 
|  48|0x0000000084200000, 0x0000000084200000, 0x0000000084300000|  0%| F|  |TAMS 0x0000000084200000, 0x0000000084200000| Untracked 
|  49|0x0000000084300000, 0x0000000084300000, 0x0000000084400000|  0%| F|  |TAMS 0x0000000084300000, 0x0000000084300000| Untracked 
|  50|0x0000000084400000, 0x0000000084400000, 0x0000000084500000|  0%| F|  |TAMS 0x0000000084400000, 0x0000000084400000| Untracked 
|  51|0x0000000084500000, 0x0000000084500000, 0x0000000084600000|  0%| F|  |TAMS 0x0000000084500000, 0x0000000084500000| Untracked 
|  52|0x0000000084600000, 0x0000000084600000, 0x0000000084700000|  0%| F|  |TAMS 0x0000000084600000, 0x0000000084600000| Untracked 
|  53|0x0000000084700000, 0x0000000084700000, 0x0000000084800000|  0%| F|  |TAMS 0x0000000084700000, 0x0000000084700000| Untracked 
|  54|0x0000000084800000, 0x0000000084800000, 0x0000000084900000|  0%| F|  |TAMS 0x0000000084800000, 0x0000000084800000| Untracked 
|  55|0x0000000084900000, 0x0000000084900000, 0x0000000084a00000|  0%| F|  |TAMS 0x0000000084900000, 0x0000000084900000| Untracked 
|  56|0x0000000084a00000, 0x0000000084a00000, 0x0000000084b00000|  0%| F|  |TAMS 0x0000000084a00000, 0x0000000084a00000| Untracked 
|  57|0x0000000084b00000, 0x0000000084b00000, 0x0000000084c00000|  0%| F|  |TAMS 0x0000000084b00000, 0x0000000084b00000| Untracked 
|  58|0x0000000084c00000, 0x0000000084c00000, 0x0000000084d00000|  0%| F|  |TAMS 0x0000000084c00000, 0x0000000084c00000| Untracked 
|  59|0x0000000084d00000, 0x0000000084d00000, 0x0000000084e00000|  0%| F|  |TAMS 0x0000000084d00000, 0x0000000084d00000| Untracked 
|  60|0x0000000084e00000, 0x0000000084e00000, 0x0000000084f00000|  0%| F|  |TAMS 0x0000000084e00000, 0x0000000084e00000| Untracked 
|  61|0x0000000084f00000, 0x0000000084f00000, 0x0000000085000000|  0%| F|  |TAMS 0x0000000084f00000, 0x0000000084f00000| Untracked 
|  62|0x0000000085000000, 0x0000000085000000, 0x0000000085100000|  0%| F|  |TAMS 0x0000000085000000, 0x0000000085000000| Untracked 
|  63|0x0000000085100000, 0x0000000085100000, 0x0000000085200000|  0%| F|  |TAMS 0x0000000085100000, 0x0000000085100000| Untracked 
|  64|0x0000000085200000, 0x0000000085200000, 0x0000000085300000|  0%| F|  |TAMS 0x0000000085200000, 0x0000000085200000| Untracked 
|  65|0x0000000085300000, 0x0000000085300000, 0x0000000085400000|  0%| F|  |TAMS 0x0000000085300000, 0x0000000085300000| Untracked 
|  66|0x0000000085400000, 0x0000000085400000, 0x0000000085500000|  0%| F|  |TAMS 0x0000000085400000, 0x0000000085400000| Untracked 
|  67|0x0000000085500000, 0x0000000085500000, 0x0000000085600000|  0%| F|  |TAMS 0x0000000085500000, 0x0000000085500000| Untracked 
|  68|0x0000000085600000, 0x0000000085600000, 0x0000000085700000|  0%| F|  |TAMS 0x0000000085600000, 0x0000000085600000| Untracked 
|  69|0x0000000085700000, 0x0000000085700000, 0x0000000085800000|  0%| F|  |TAMS 0x0000000085700000, 0x0000000085700000| Untracked 
|  70|0x0000000085800000, 0x0000000085800000, 0x0000000085900000|  0%| F|  |TAMS 0x0000000085800000, 0x0000000085800000| Untracked 
|  71|0x0000000085900000, 0x0000000085900000, 0x0000000085a00000|  0%| F|  |TAMS 0x0000000085900000, 0x0000000085900000| Untracked 
|  72|0x0000000085a00000, 0x0000000085a00000, 0x0000000085b00000|  0%| F|  |TAMS 0x0000000085a00000, 0x0000000085a00000| Untracked 
|  73|0x0000000085b00000, 0x0000000085b00000, 0x0000000085c00000|  0%| F|  |TAMS 0x0000000085b00000, 0x0000000085b00000| Untracked 
|  74|0x0000000085c00000, 0x0000000085c00000, 0x0000000085d00000|  0%| F|  |TAMS 0x0000000085c00000, 0x0000000085c00000| Untracked 
|  75|0x0000000085d00000, 0x0000000085d00000, 0x0000000085e00000|  0%| F|  |TAMS 0x0000000085d00000, 0x0000000085d00000| Untracked 
|  76|0x0000000085e00000, 0x0000000085e00000, 0x0000000085f00000|  0%| F|  |TAMS 0x0000000085e00000, 0x0000000085e00000| Untracked 
|  77|0x0000000085f00000, 0x0000000085f00000, 0x0000000086000000|  0%| F|  |TAMS 0x0000000085f00000, 0x0000000085f00000| Untracked 
|  78|0x0000000086000000, 0x0000000086000000, 0x0000000086100000|  0%| F|  |TAMS 0x0000000086000000, 0x0000000086000000| Untracked 
|  79|0x0000000086100000, 0x0000000086100000, 0x0000000086200000|  0%| F|  |TAMS 0x0000000086100000, 0x0000000086100000| Untracked 
|  80|0x0000000086200000, 0x0000000086200000, 0x0000000086300000|  0%| F|  |TAMS 0x0000000086200000, 0x0000000086200000| Untracked 
|  81|0x0000000086300000, 0x0000000086300000, 0x0000000086400000|  0%| F|  |TAMS 0x0000000086300000, 0x0000000086300000| Untracked 
|  82|0x0000000086400000, 0x0000000086400000, 0x0000000086500000|  0%| F|  |TAMS 0x0000000086400000, 0x0000000086400000| Untracked 
|  83|0x0000000086500000, 0x0000000086500000, 0x0000000086600000|  0%| F|  |TAMS 0x0000000086500000, 0x0000000086500000| Untracked 
|  84|0x0000000086600000, 0x0000000086600000, 0x0000000086700000|  0%| F|  |TAMS 0x0000000086600000, 0x0000000086600000| Untracked 
|  85|0x0000000086700000, 0x0000000086700000, 0x0000000086800000|  0%| F|  |TAMS 0x0000000086700000, 0x0000000086700000| Untracked 
|  86|0x0000000086800000, 0x0000000086800000, 0x0000000086900000|  0%| F|  |TAMS 0x0000000086800000, 0x0000000086800000| Untracked 
|  87|0x0000000086900000, 0x0000000086900000, 0x0000000086a00000|  0%| F|  |TAMS 0x0000000086900000, 0x0000000086900000| Untracked 
|  88|0x0000000086a00000, 0x0000000086a00000, 0x0000000086b00000|  0%| F|  |TAMS 0x0000000086a00000, 0x0000000086a00000| Untracked 
|  89|0x0000000086b00000, 0x0000000086b00000, 0x0000000086c00000|  0%| F|  |TAMS 0x0000000086b00000, 0x0000000086b00000| Untracked 
|  90|0x0000000086c00000, 0x0000000086c00000, 0x0000000086d00000|  0%| F|  |TAMS 0x0000000086c00000, 0x0000000086c00000| Untracked 
|  91|0x0000000086d00000, 0x0000000086d00000, 0x0000000086e00000|  0%| F|  |TAMS 0x0000000086d00000, 0x0000000086d00000| Untracked 
|  92|0x0000000086e00000, 0x0000000086e00000, 0x0000000086f00000|  0%| F|  |TAMS 0x0000000086e00000, 0x0000000086e00000| Untracked 
|  93|0x0000000086f00000, 0x0000000086f00000, 0x0000000087000000|  0%| F|  |TAMS 0x0000000086f00000, 0x0000000086f00000| Untracked 
|  94|0x0000000087000000, 0x0000000087000000, 0x0000000087100000|  0%| F|  |TAMS 0x0000000087000000, 0x0000000087000000| Untracked 
|  95|0x0000000087100000, 0x0000000087100000, 0x0000000087200000|  0%| F|  |TAMS 0x0000000087100000, 0x0000000087100000| Untracked 
|  96|0x0000000087200000, 0x0000000087200000, 0x0000000087300000|  0%| F|  |TAMS 0x0000000087200000, 0x0000000087200000| Untracked 
|  97|0x0000000087300000, 0x0000000087300000, 0x0000000087400000|  0%| F|  |TAMS 0x0000000087300000, 0x0000000087300000| Untracked 
|  98|0x0000000087400000, 0x0000000087400000, 0x0000000087500000|  0%| F|  |TAMS 0x0000000087400000, 0x0000000087400000| Untracked 
|  99|0x0000000087500000, 0x0000000087500000, 0x0000000087600000|  0%| F|  |TAMS 0x0000000087500000, 0x0000000087500000| Untracked 
| 100|0x0000000087600000, 0x0000000087600000, 0x0000000087700000|  0%| F|  |TAMS 0x0000000087600000, 0x0000000087600000| Untracked 
| 101|0x0000000087700000, 0x0000000087700000, 0x0000000087800000|  0%| F|  |TAMS 0x0000000087700000, 0x0000000087700000| Untracked 
| 102|0x0000000087800000, 0x0000000087800000, 0x0000000087900000|  0%| F|  |TAMS 0x0000000087800000, 0x0000000087800000| Untracked 
| 103|0x0000000087900000, 0x0000000087900000, 0x0000000087a00000|  0%| F|  |TAMS 0x0000000087900000, 0x0000000087900000| Untracked 
| 104|0x0000000087a00000, 0x0000000087a00000, 0x0000000087b00000|  0%| F|  |TAMS 0x0000000087a00000, 0x0000000087a00000| Untracked 
| 105|0x0000000087b00000, 0x0000000087b00000, 0x0000000087c00000|  0%| F|  |TAMS 0x0000000087b00000, 0x0000000087b00000| Untracked 
| 106|0x0000000087c00000, 0x0000000087c00000, 0x0000000087d00000|  0%| F|  |TAMS 0x0000000087c00000, 0x0000000087c00000| Untracked 
| 107|0x0000000087d00000, 0x0000000087d00000, 0x0000000087e00000|  0%| F|  |TAMS 0x0000000087d00000, 0x0000000087d00000| Untracked 
| 108|0x0000000087e00000, 0x0000000087e00000, 0x0000000087f00000|  0%| F|  |TAMS 0x0000000087e00000, 0x0000000087e00000| Untracked 
| 109|0x0000000087f00000, 0x0000000087f00000, 0x0000000088000000|  0%| F|  |TAMS 0x0000000087f00000, 0x0000000087f00000| Untracked 
| 110|0x0000000088000000, 0x0000000088000000, 0x0000000088100000|  0%| F|  |TAMS 0x0000000088000000, 0x0000000088000000| Untracked 
| 111|0x0000000088100000, 0x0000000088100000, 0x0000000088200000|  0%| F|  |TAMS 0x0000000088100000, 0x0000000088100000| Untracked 
| 112|0x0000000088200000, 0x0000000088200000, 0x0000000088300000|  0%| F|  |TAMS 0x0000000088200000, 0x0000000088200000| Untracked 
| 113|0x0000000088300000, 0x0000000088300000, 0x0000000088400000|  0%| F|  |TAMS 0x0000000088300000, 0x0000000088300000| Untracked 
| 114|0x0000000088400000, 0x0000000088400000, 0x0000000088500000|  0%| F|  |TAMS 0x0000000088400000, 0x0000000088400000| Untracked 
| 115|0x0000000088500000, 0x0000000088500000, 0x0000000088600000|  0%| F|  |TAMS 0x0000000088500000, 0x0000000088500000| Untracked 
| 116|0x0000000088600000, 0x0000000088600000, 0x0000000088700000|  0%| F|  |TAMS 0x0000000088600000, 0x0000000088600000| Untracked 
| 117|0x0000000088700000, 0x0000000088700000, 0x0000000088800000|  0%| F|  |TAMS 0x0000000088700000, 0x0000000088700000| Untracked 
| 118|0x0000000088800000, 0x0000000088800000, 0x0000000088900000|  0%| F|  |TAMS 0x0000000088800000, 0x0000000088800000| Untracked 
| 119|0x0000000088900000, 0x0000000088900000, 0x0000000088a00000|  0%| F|  |TAMS 0x0000000088900000, 0x0000000088900000| Untracked 
| 120|0x0000000088a00000, 0x0000000088a00000, 0x0000000088b00000|  0%| F|  |TAMS 0x0000000088a00000, 0x0000000088a00000| Untracked 
| 121|0x0000000088b00000, 0x0000000088b00000, 0x0000000088c00000|  0%| F|  |TAMS 0x0000000088b00000, 0x0000000088b00000| Untracked 
| 122|0x0000000088c00000, 0x0000000088c00000, 0x0000000088d00000|  0%| F|  |TAMS 0x0000000088c00000, 0x0000000088c00000| Untracked 
| 123|0x0000000088d00000, 0x0000000088d00000, 0x0000000088e00000|  0%| F|  |TAMS 0x0000000088d00000, 0x0000000088d00000| Untracked 
| 124|0x0000000088e00000, 0x0000000088ee5800, 0x0000000088f00000| 89%| S|CS|TAMS 0x0000000088e00000, 0x0000000088e00000| Complete 
| 125|0x0000000088f00000, 0x0000000089000000, 0x0000000089000000|100%| S|CS|TAMS 0x0000000088f00000, 0x0000000088f00000| Complete 
| 126|0x0000000089000000, 0x0000000089000000, 0x0000000089100000|  0%| F|  |TAMS 0x0000000089000000, 0x0000000089000000| Untracked 
| 127|0x0000000089100000, 0x0000000089100000, 0x0000000089200000|  0%| F|  |TAMS 0x0000000089100000, 0x0000000089100000| Untracked 

Card table byte_map: [0x0000026b2b0c0000,0x0000026b2b4c0000] _byte_map_base: 0x0000026b2acb7000

Marking Bits (Prev, Next): (CMBitMap*) 0x0000026b18046e68, (CMBitMap*) 0x0000026b18046ea8
 Prev Bits: [0x0000026b2b8c0000, 0x0000026b2d878000)
 Next Bits: [0x0000026b2d880000, 0x0000026b2f838000)

Polling page: 0x0000026b15e90000

Metaspace:

Usage:
  Non-class:     15.70 MB capacity,    15.59 MB (>99%) used,    84.41 KB ( <1%) free+waste,    25.69 KB ( <1%) overhead. 
      Class:      1.90 MB capacity,     1.80 MB ( 95%) used,    89.17 KB (  5%) free+waste,    11.50 KB ( <1%) overhead. 
       Both:     17.60 MB capacity,    17.39 MB ( 99%) used,   173.58 KB ( <1%) free+waste,    37.19 KB ( <1%) overhead. 

Virtual space:
  Non-class space:       24.00 MB reserved,      15.75 MB ( 66%) committed 
      Class space:        1.00 GB reserved,       2.00 MB ( <1%) committed 
             Both:        1.02 GB reserved,      17.75 MB (  2%) committed 

Chunk freelists:
   Non-Class:  51.00 KB
       Class:  9.00 KB
        Both:  60.00 KB

MaxMetaspaceSize: 17179869184.00 GB
CompressedClassSpaceSize: 1.00 GB

CodeHeap 'non-profiled nmethods': size=120000Kb used=420Kb max_used=420Kb free=119579Kb
 bounds [0x0000026b23790000, 0x0000026b23a00000, 0x0000026b2acc0000]
CodeHeap 'profiled nmethods': size=120000Kb used=2596Kb max_used=2596Kb free=117403Kb
 bounds [0x0000026b1c260000, 0x0000026b1c4f0000, 0x0000026b23790000]
CodeHeap 'non-nmethods': size=5760Kb used=1190Kb max_used=1209Kb free=4569Kb
 bounds [0x0000026b1bcc0000, 0x0000026b1bf30000, 0x0000026b1c260000]
 total_blobs=1820 nmethods=1368 adapters=365
 compilation: enabled
              stopped_count=0, restarted_count=0
 full_count=0

Compilation events (20 events):
Event: 1.204 Thread 0x0000026b33c57800 nmethod 1339 0x0000026b237f8310 code [0x0000026b237f84a0, 0x0000026b237f8538]
Event: 1.204 Thread 0x0000026b33c57800 1366       4       java.util.regex.Pattern$SliceI::match (96 bytes)
Event: 1.205 Thread 0x0000026b325cd800 1367   !   3       java.lang.Class::getEnumConstantsShared (71 bytes)
Event: 1.206 Thread 0x0000026b325cd800 nmethod 1367 0x0000026b1c4d9110 code [0x0000026b1c4d9440, 0x0000026b1c4da808]
Event: 1.206 Thread 0x0000026b325cd800 1368       3       sun.security.ssl.SSLAlgorithmDecomposer::decomposes (533 bytes)
Event: 1.210 Thread 0x0000026b325cd800 nmethod 1368 0x0000026b1c4db090 code [0x0000026b1c4db860, 0x0000026b1c4e1bc8]
Event: 1.210 Thread 0x0000026b325cd800 1371       3       java.lang.String::split (327 bytes)
Event: 1.214 Thread 0x0000026b325cd800 nmethod 1371 0x0000026b1c4e2f10 code [0x0000026b1c4e34c0, 0x0000026b1c4e6928]
Event: 1.214 Thread 0x0000026b33c57800 nmethod 1366 0x0000026b237f8610 code [0x0000026b237f8860, 0x0000026b237f8f38]
Event: 1.214 Thread 0x0000026b325cd800 1376       3       java.lang.String::getBytes (44 bytes)
Event: 1.214 Thread 0x0000026b33c57800 1351       4       java.util.HashMap$KeySet::iterator (12 bytes)
Event: 1.215 Thread 0x0000026b325cd800 nmethod 1376 0x0000026b1c4e7c10 code [0x0000026b1c4e7de0, 0x0000026b1c4e8118]
Event: 1.215 Thread 0x0000026b325cd800 1375       3       java.lang.Byte::<init> (10 bytes)
Event: 1.215 Thread 0x0000026b325cd800 nmethod 1375 0x0000026b1c4e8290 code [0x0000026b1c4e8440, 0x0000026b1c4e85f8]
Event: 1.215 Thread 0x0000026b325cd800 1369       3       java.util.ArrayList$SubList::checkForComodification (23 bytes)
Event: 1.215 Thread 0x0000026b325cd800 nmethod 1369 0x0000026b1c4e8710 code [0x0000026b1c4e88c0, 0x0000026b1c4e8a88]
Event: 1.215 Thread 0x0000026b325cd800 1370       3       java.lang.String::split (7 bytes)
Event: 1.215 Thread 0x0000026b325cd800 nmethod 1370 0x0000026b1c4e8b90 code [0x0000026b1c4e8d40, 0x0000026b1c4e8e68]
Event: 1.215 Thread 0x0000026b325cd800 1372       3       sun.security.jca.ProviderList::getProvider (22 bytes)
Event: 1.215 Thread 0x0000026b325cd800 nmethod 1372 0x0000026b1c4e8f10 code [0x0000026b1c4e90c0, 0x0000026b1c4e9288]

GC Heap History (6 events):
Event: 0.869 GC heap before
{Heap before GC invocations=0 (full 0):
 garbage-first heap   total 131072K, used 12288K [0x0000000081200000, 0x0000000100000000)
  region size 1024K, 13 young (13312K), 0 survivors (0K)
 Metaspace       used 13262K, capacity 13419K, committed 13696K, reserved 1060864K
  class space    used 1300K, capacity 1348K, committed 1408K, reserved 1048576K
}
Event: 0.875 GC heap after
{Heap after GC invocations=1 (full 0):
 garbage-first heap   total 131072K, used 3692K [0x0000000081200000, 0x0000000100000000)
  region size 1024K, 2 young (2048K), 2 survivors (2048K)
 Metaspace       used 13262K, capacity 13419K, committed 13696K, reserved 1060864K
  class space    used 1300K, capacity 1348K, committed 1408K, reserved 1048576K
}
Event: 1.185 GC heap before
{Heap before GC invocations=1 (full 0):
 garbage-first heap   total 131072K, used 15980K [0x0000000081200000, 0x0000000100000000)
  region size 1024K, 14 young (14336K), 2 survivors (2048K)
 Metaspace       used 17659K, capacity 17860K, committed 18048K, reserved 1064960K
  class space    used 1824K, capacity 1911K, committed 1920K, reserved 1048576K
}
Event: 1.190 GC heap after
{Heap after GC invocations=2 (full 0):
 garbage-first heap   total 131072K, used 5525K [0x0000000081200000, 0x0000000100000000)
  region size 1024K, 2 young (2048K), 2 survivors (2048K)
 Metaspace       used 17659K, capacity 17860K, committed 18048K, reserved 1064960K
  class space    used 1824K, capacity 1911K, committed 1920K, reserved 1048576K
}
Event: 1.218 GC heap before
{Heap before GC invocations=2 (full 0):
 garbage-first heap   total 131072K, used 6549K [0x0000000081200000, 0x0000000100000000)
  region size 1024K, 4 young (4096K), 2 survivors (2048K)
 Metaspace       used 17809K, capacity 18020K, committed 18176K, reserved 1071104K
  class space    used 1842K, capacity 1943K, committed 2048K, reserved 1048576K
}
Event: 1.221 GC heap after
{Heap after GC invocations=3 (full 0):
 garbage-first heap   total 131072K, used 5564K [0x0000000081200000, 0x0000000100000000)
  region size 1024K, 2 young (2048K), 2 survivors (2048K)
 Metaspace       used 17809K, capacity 18020K, committed 18176K, reserved 1071104K
  class space    used 1842K, capacity 1943K, committed 2048K, reserved 1048576K
}

Deoptimization events (20 events):
Event: 1.162 Thread 0x0000026b18006000 Uncommon trap: trap_request=0xffffff45 fr.pc=0x0000026b237acbdc relative=0x00000000000001fc
Event: 1.162 Thread 0x0000026b18006000 Uncommon trap: reason=unstable_if action=reinterpret pc=0x0000026b237acbdc method=java.lang.String.isLatin1()Z @ 10 c2
Event: 1.162 Thread 0x0000026b18006000 DEOPT PACKING pc=0x0000026b237acbdc sp=0x0000009940efa560
Event: 1.162 Thread 0x0000026b18006000 DEOPT UNPACKING pc=0x0000026b1bd0912f sp=0x0000009940efa4b0 mode 2
Event: 1.162 Thread 0x0000026b18006000 Uncommon trap: trap_request=0xffffff45 fr.pc=0x0000026b237cd410 relative=0x0000000000000490
Event: 1.162 Thread 0x0000026b18006000 Uncommon trap: reason=unstable_if action=reinterpret pc=0x0000026b237cd410 method=java.lang.String.substring(II)Ljava/lang/String; @ 31 c2
Event: 1.163 Thread 0x0000026b18006000 DEOPT PACKING pc=0x0000026b237cd410 sp=0x0000009940efa520
Event: 1.163 Thread 0x0000026b18006000 DEOPT UNPACKING pc=0x0000026b1bd0912f sp=0x0000009940efa4f0 mode 2
Event: 1.163 Thread 0x0000026b18006000 Uncommon trap: trap_request=0xffffff45 fr.pc=0x0000026b237dba5c relative=0x00000000000002bc
Event: 1.163 Thread 0x0000026b18006000 Uncommon trap: reason=unstable_if action=reinterpret pc=0x0000026b237dba5c method=java.lang.String.getBytes([BIB)V @ 5 c2
Event: 1.163 Thread 0x0000026b18006000 DEOPT PACKING pc=0x0000026b237dba5c sp=0x0000009940efa640
Event: 1.163 Thread 0x0000026b18006000 DEOPT UNPACKING pc=0x0000026b1bd0912f sp=0x0000009940efa4c0 mode 2
Event: 1.163 Thread 0x0000026b18006000 Uncommon trap: trap_request=0xffffff45 fr.pc=0x0000026b237bb854 relative=0x0000000000000434
Event: 1.163 Thread 0x0000026b18006000 Uncommon trap: reason=unstable_if action=reinterpret pc=0x0000026b237bb854 method=java.lang.AbstractStringBuilder.putStringAt(ILjava/lang/String;)V @ 8 c2
Event: 1.163 Thread 0x0000026b18006000 DEOPT PACKING pc=0x0000026b237bb854 sp=0x0000009940efa5c0
Event: 1.163 Thread 0x0000026b18006000 DEOPT UNPACKING pc=0x0000026b1bd0912f sp=0x0000009940efa530 mode 2
Event: 1.163 Thread 0x0000026b18006000 Uncommon trap: trap_request=0xffffff45 fr.pc=0x0000026b237d0f2c relative=0x00000000000000ec
Event: 1.163 Thread 0x0000026b18006000 Uncommon trap: reason=unstable_if action=reinterpret pc=0x0000026b237d0f2c method=java.lang.String.getBytes([BIB)V @ 5 c2
Event: 1.163 Thread 0x0000026b18006000 DEOPT PACKING pc=0x0000026b237d0f2c sp=0x0000009940efa4e0
Event: 1.163 Thread 0x0000026b18006000 DEOPT UNPACKING pc=0x0000026b1bd0912f sp=0x0000009940efa4a8 mode 2

Classes unloaded (0 events):
No events

Classes redefined (0 events):
No events

Internal exceptions (17 events):
Event: 0.531 Thread 0x0000026b18006000 Exception <a 'java/lang/NoSuchMethodError'{0x0000000088cca348}: 'int java.lang.invoke.DirectMethodHandle$Holder.invokeStaticInit(java.lang.Object, java.lang.Object)'> (0x0000000088cca348) 
thrown [./open/src/hotspot/share/interpreter/linkResolver.cpp, line 766]
Event: 0.657 Thread 0x0000026b18006000 Exception <a 'java/lang/ClassNotFoundException'{0x0000000088adfee8}: com/sun/org/apache/xerces/internal/impl/msg/spi/SAXMessagesProvider> (0x0000000088adfee8) 
thrown [./open/src/hotspot/share/classfile/systemDictionary.cpp, line 226]
Event: 0.702 Thread 0x0000026b18006000 Exception <a 'java/lang/NoSuchMethodError'{0x0000000088998428}: 'java.lang.Object java.lang.invoke.DirectMethodHandle$Holder.invokeStaticInit(java.lang.Object, int, int, int, int)'> (0x0000000088998428) 
thrown [./open/src/hotspot/share/interpreter/linkResolver.cpp, line 766]
Event: 0.752 Thread 0x0000026b18006000 Exception <a 'java/lang/NoSuchMethodError'{0x00000000889f51c8}: 'java.lang.Object java.lang.invoke.DirectMethodHandle$Holder.invokeStaticInit(java.lang.Object, java.lang.Object, int, int, int, int)'> (0x00000000889f51c8) 
thrown [./open/src/hotspot/share/interpreter/linkResolver.cpp, line 766]
Event: 0.830 Thread 0x0000026b18006000 Exception <a 'java/lang/NoSuchMethodError'{0x00000000886b84d8}: 'int java.lang.invoke.DirectMethodHandle$Holder.invokeVirtual(java.lang.Object, java.lang.Object)'> (0x00000000886b84d8) 
thrown [./open/src/hotspot/share/interpreter/linkResolver.cpp, line 766]
Event: 0.831 Thread 0x0000026b18006000 Exception <a 'java/lang/NoSuchMethodError'{0x00000000886be1d8}: 'java.lang.Object java.lang.invoke.Invokers$Holder.invokeExact_MT(java.lang.Object, java.lang.Object, java.lang.Object, java.lang.Object, java.lang.Object, java.lang.Object)'> (0x00000000886be1d8) 
thrown [./open/src/hotspot/share/interpreter/linkResolver.cpp, line 766]
Event: 0.847 Thread 0x0000026b18006000 Exception <a 'java/lang/NoSuchMethodError'{0x00000000885347d8}: 'int java.lang.invoke.DirectMethodHandle$Holder.invokeStaticInit(java.lang.Object, java.lang.Object, java.lang.Object)'> (0x00000000885347d8) 
thrown [./open/src/hotspot/share/interpreter/linkResolver.cpp, line 766]
Event: 0.890 Thread 0x0000026b18006000 Exception <a 'java/lang/NoSuchMethodError'{0x00000000891ad8f8}: 'java.lang.Object java.lang.invoke.DirectMethodHandle$Holder.invokeSpecial(java.lang.Object, java.lang.Object, java.lang.Object, java.lang.Object, java.lang.Object, java.lang.Object, java.lang.Object, java.lang.Object, java.lang.Object, java.lang.Object)'> (0x00000000891ad8f8) 
thrown [./open/src/hotspot/share/interpreter/linkResolver.cpp, line 766]
Event: 0.891 Thread 0x0000026b18006000 Exception <a 'java/lang/NoSuchMethodError'{0x00000000891b7398}: 'java.lang.Object java.lang.invoke.Invokers$Holder.linkToTargetMethod(java.lang.Object, java.lang.Object, java.lang.Object, java.lang.Object, java.lang.Object, java.lang.Object, java.lang.Object, java.lang.Object, java.lang.Object)'> (0x00000000891b7398) 
thrown [./open/src/hotspot/share/interpreter/linkResolver.cpp, line 766]
Event: 0.902 Thread 0x0000026b18006000 Exception <a 'java/lang/NoSuchMethodError'{0x000000008900e358}: 'java.lang.Object java.lang.invoke.Invokers$Holder.linkToTargetMethod(java.lang.Object, java.lang.Object, java.lang.Object, java.lang.Object, java.lang.Object, java.lang.Object, java.lang.Object)'> (0x000000008900e358) 
thrown [./open/src/hotspot/share/interpreter/linkResolver.cpp, line 766]
Event: 0.903 Thread 0x0000026b18006000 Exception <a 'java/lang/NoSuchMethodError'{0x0000000089017a70}: 'void java.lang.invoke.DirectMethodHandle$Holder.invokeStatic(java.lang.Object, java.lang.Object, java.lang.Object, java.lang.Object)'> (0x0000000089017a70) 
thrown [./open/src/hotspot/share/interpreter/linkResolver.cpp, line 766]
Event: 0.947 Thread 0x0000026b18006000 Exception <a 'java/net/SocketException'{0x0000000088f94088}: Socket is not connected: shutdown> (0x0000000088f94088) 
thrown [./open/src/hotspot/share/prims/jni.cpp, line 620]
Event: 1.131 Thread 0x0000026b18006000 Exception <a 'sun/nio/fs/WindowsException'{0x0000000088792230}> (0x0000000088792230) 
thrown [./open/src/hotspot/share/prims/jni.cpp, line 599]
Event: 1.132 Thread 0x0000026b18006000 Exception <a 'java/lang/NoSuchMethodError'{0x0000000088793d48}: 'int java.lang.invoke.DirectMethodHandle$Holder.invokeSpecialIFC(java.lang.Object, java.lang.Object, int)'> (0x0000000088793d48) 
thrown [./open/src/hotspot/share/interpreter/linkResolver.cpp, line 766]
Event: 1.142 Thread 0x0000026b18006000 Exception <a 'java/lang/NoSuchMethodError'{0x00000000887b83e0}: 'int java.lang.invoke.DirectMethodHandle$Holder.invokeStaticInit(java.lang.Object, java.lang.Object, java.lang.Object, java.lang.Object)'> (0x00000000887b83e0) 
thrown [./open/src/hotspot/share/interpreter/linkResolver.cpp, line 766]
Event: 1.142 Thread 0x0000026b18006000 Exception <a 'java/lang/IncompatibleClassChangeError'{0x00000000887c14e8}: Found class java.lang.Object, but interface was expected> (0x00000000887c14e8) 
thrown [./open/src/hotspot/share/interpreter/linkResolver.cpp, line 832]
Event: 1.143 Thread 0x0000026b18006000 Exception <a 'java/lang/NoSuchMethodError'{0x00000000887c4328}: 'void java.lang.invoke.DirectMethodHandle$Holder.invokeStaticInit(java.lang.Object, java.lang.Object)'> (0x00000000887c4328) 
thrown [./open/src/hotspot/share/interpreter/linkResolver.cpp, line 766]

Events (20 events):
Event: 1.212 loading class sun/security/pkcs/SignerInfo
Event: 1.212 loading class sun/security/pkcs/SignerInfo done
Event: 1.213 loading class java/text/Normalizer$Form
Event: 1.213 loading class java/text/Normalizer$Form done
Event: 1.213 loading class java/text/Normalizer
Event: 1.213 loading class java/text/Normalizer done
Event: 1.213 loading class sun/text/normalizer/NormalizerBase
Event: 1.214 loading class sun/text/normalizer/NormalizerBase done
Event: 1.214 loading class sun/text/normalizer/NormalizerBase$NONEMode
Event: 1.214 loading class sun/text/normalizer/NormalizerBase$Mode
Event: 1.214 loading class sun/text/normalizer/NormalizerBase$Mode done
Event: 1.214 loading class sun/text/normalizer/NormalizerBase$NONEMode done
Event: 1.214 loading class sun/text/normalizer/NormalizerBase$NFDMode
Event: 1.214 loading class sun/text/normalizer/NormalizerBase$NFDMode done
Event: 1.214 loading class sun/text/normalizer/NormalizerBase$NFKDMode
Event: 1.214 loading class sun/text/normalizer/NormalizerBase$NFKDMode done
Event: 1.218 loading class sun/text/normalizer/NormalizerBase$NFCMode
Event: 1.218 loading class sun/text/normalizer/NormalizerBase$NFCMode done
Event: 1.218 loading class sun/text/normalizer/NormalizerBase$NFKCMode
Event: 1.218 Executing VM operation: CollectForMetadataAllocation


Dynamic libraries:
0x00007ff6550c0000 - 0x00007ff6550cd000 	C:\Users\Aziz Tokhirov\.p2\pool\plugins\org.eclipse.justj.openjdk.hotspot.jre.full.win32.x86_64_14.0.2.v20200815-0932\jre\bin\javaw.exe
0x00007ff8d66a0000 - 0x00007ff8d6890000 	C:\Windows\SYSTEM32\ntdll.dll
0x00007ff8d5380000 - 0x00007ff8d5432000 	C:\Windows\System32\KERNEL32.DLL
0x00007ff8d36d0000 - 0x00007ff8d3975000 	C:\Windows\System32\KERNELBASE.dll
0x00007ff8d3ad0000 - 0x00007ff8d3bca000 	C:\Windows\System32\ucrtbase.dll
0x00007ff8c6f30000 - 0x00007ff8c6f48000 	C:\Users\Aziz Tokhirov\.p2\pool\plugins\org.eclipse.justj.openjdk.hotspot.jre.full.win32.x86_64_14.0.2.v20200815-0932\jre\bin\jli.dll
0x00007ff8d4b20000 - 0x00007ff8d4cb4000 	C:\Windows\System32\USER32.dll
0x00007ff8d45f0000 - 0x00007ff8d4611000 	C:\Windows\System32\win32u.dll
0x00007ff8d57e0000 - 0x00007ff8d5806000 	C:\Windows\System32\GDI32.dll
0x00007ff8d4450000 - 0x00007ff8d45e6000 	C:\Windows\System32\gdi32full.dll
0x00007ff8d3a00000 - 0x00007ff8d3a9e000 	C:\Windows\System32\msvcp_win.dll
0x00007ff8c1d10000 - 0x00007ff8c1d25000 	C:\Users\Aziz Tokhirov\.p2\pool\plugins\org.eclipse.justj.openjdk.hotspot.jre.full.win32.x86_64_14.0.2.v20200815-0932\jre\bin\VCRUNTIME140.dll
0x00007ff8c9f60000 - 0x00007ff8ca1e4000 	C:\Windows\WinSxS\amd64_microsoft.windows.common-controls_6595b64144ccf1df_6.0.18362.1139_none_9e7bf2d3e4605ac6\COMCTL32.dll
0x00007ff8d5530000 - 0x00007ff8d55ce000 	C:\Windows\System32\msvcrt.dll
0x00007ff8d4d40000 - 0x00007ff8d5075000 	C:\Windows\System32\combase.dll
0x00007ff8d48a0000 - 0x00007ff8d49c0000 	C:\Windows\System32\RPCRT4.dll
0x00007ff8d3980000 - 0x00007ff8d3a00000 	C:\Windows\System32\bcryptPrimitives.dll
0x00007ff8d5240000 - 0x00007ff8d526e000 	C:\Windows\System32\IMM32.DLL
0x00007ff8bb470000 - 0x00007ff8bb50b000 	C:\Users\Aziz Tokhirov\.p2\pool\plugins\org.eclipse.justj.openjdk.hotspot.jre.full.win32.x86_64_14.0.2.v20200815-0932\jre\bin\msvcp140.dll
0x00007ff89bf20000 - 0x00007ff89ca3e000 	C:\Users\Aziz Tokhirov\.p2\pool\plugins\org.eclipse.justj.openjdk.hotspot.jre.full.win32.x86_64_14.0.2.v20200815-0932\jre\bin\server\jvm.dll
0x00007ff8d4a70000 - 0x00007ff8d4b13000 	C:\Windows\System32\ADVAPI32.dll
0x00007ff8d5740000 - 0x00007ff8d57d7000 	C:\Windows\System32\sechost.dll
0x00007ff8d5080000 - 0x00007ff8d5088000 	C:\Windows\System32\PSAPI.DLL
0x00007ff8d2100000 - 0x00007ff8d2109000 	C:\Windows\SYSTEM32\WSOCK32.dll
0x00007ff8d5440000 - 0x00007ff8d54af000 	C:\Windows\System32\WS2_32.dll
0x00007ff8caa90000 - 0x00007ff8caab4000 	C:\Windows\SYSTEM32\WINMM.dll
0x00007ff8ce680000 - 0x00007ff8ce68a000 	C:\Windows\SYSTEM32\VERSION.dll
0x00007ff8caa60000 - 0x00007ff8caa8d000 	C:\Windows\SYSTEM32\WINMMBASE.dll
0x00007ff8d3bd0000 - 0x00007ff8d3c1a000 	C:\Windows\System32\cfgmgr32.dll
0x00007ff8d3690000 - 0x00007ff8d36a1000 	C:\Windows\System32\kernel.appcore.dll
0x00007ff8cd5f0000 - 0x00007ff8cd5fa000 	C:\Users\Aziz Tokhirov\.p2\pool\plugins\org.eclipse.justj.openjdk.hotspot.jre.full.win32.x86_64_14.0.2.v20200815-0932\jre\bin\jimage.dll
0x00007ff8d1a30000 - 0x00007ff8d1c24000 	C:\Windows\SYSTEM32\DBGHELP.DLL
0x00007ff8cbd90000 - 0x00007ff8cbdba000 	C:\Windows\SYSTEM32\dbgcore.DLL
0x00007ff8c9300000 - 0x00007ff8c9325000 	C:\Users\Aziz Tokhirov\.p2\pool\plugins\org.eclipse.justj.openjdk.hotspot.jre.full.win32.x86_64_14.0.2.v20200815-0932\jre\bin\java.dll
0x00007ff8cd5a0000 - 0x00007ff8cd5b6000 	C:\Users\Aziz Tokhirov\.p2\pool\plugins\org.eclipse.justj.openjdk.hotspot.jre.full.win32.x86_64_14.0.2.v20200815-0932\jre\bin\zip.dll
0x00007ff8d5810000 - 0x00007ff8d5ef7000 	C:\Windows\System32\SHELL32.dll
0x00007ff8d49c0000 - 0x00007ff8d4a69000 	C:\Windows\System32\shcore.dll
0x00007ff8d3c20000 - 0x00007ff8d43a0000 	C:\Windows\System32\windows.storage.dll
0x00007ff8d35f0000 - 0x00007ff8d3613000 	C:\Windows\System32\profapi.dll
0x00007ff8d3620000 - 0x00007ff8d366a000 	C:\Windows\System32\powrprof.dll
0x00007ff8d35e0000 - 0x00007ff8d35f0000 	C:\Windows\System32\UMPDC.dll
0x00007ff8d6040000 - 0x00007ff8d6092000 	C:\Windows\System32\shlwapi.dll
0x00007ff8d36b0000 - 0x00007ff8d36c7000 	C:\Windows\System32\cryptsp.dll
0x00007ff8c65b0000 - 0x00007ff8c65c9000 	C:\Users\Aziz Tokhirov\.p2\pool\plugins\org.eclipse.justj.openjdk.hotspot.jre.full.win32.x86_64_14.0.2.v20200815-0932\jre\bin\net.dll
0x00007ff8c9d00000 - 0x00007ff8c9df0000 	C:\Windows\SYSTEM32\WINHTTP.dll
0x00007ff8d2e30000 - 0x00007ff8d2e97000 	C:\Windows\system32\mswsock.dll
0x00007ff8c6560000 - 0x00007ff8c6572000 	C:\Users\Aziz Tokhirov\.p2\pool\plugins\org.eclipse.justj.openjdk.hotspot.jre.full.win32.x86_64_14.0.2.v20200815-0932\jre\bin\nio.dll
0x00007ff8d2b80000 - 0x00007ff8d2c4b000 	C:\Windows\SYSTEM32\DNSAPI.dll
0x00007ff8d5730000 - 0x00007ff8d5738000 	C:\Windows\System32\NSI.dll
0x00007ff8d2b40000 - 0x00007ff8d2b7a000 	C:\Windows\SYSTEM32\IPHLPAPI.DLL
0x00007ff8c9a60000 - 0x00007ff8c9a6a000 	C:\Windows\System32\rasadhlp.dll
0x00007ff8cb880000 - 0x00007ff8cb8f7000 	C:\Windows\System32\fwpuclnt.dll
0x00007ff8d3aa0000 - 0x00007ff8d3ac6000 	C:\Windows\System32\bcrypt.dll
0x00007ff8d29a0000 - 0x00007ff8d29d3000 	C:\Windows\system32\rsaenh.dll
0x00007ff8d34c0000 - 0x00007ff8d34e5000 	C:\Windows\SYSTEM32\USERENV.dll
0x00007ff8d3000000 - 0x00007ff8d300c000 	C:\Windows\SYSTEM32\CRYPTBASE.dll
0x00007ff8cbb00000 - 0x00007ff8cbb16000 	C:\Windows\SYSTEM32\dhcpcsvc6.DLL
0x00007ff8cbbd0000 - 0x00007ff8cbbec000 	C:\Windows\SYSTEM32\dhcpcsvc.DLL
0x00007ff8cd6a0000 - 0x00007ff8cd6ae000 	C:\Users\Aziz Tokhirov\.p2\pool\plugins\org.eclipse.justj.openjdk.hotspot.jre.full.win32.x86_64_14.0.2.v20200815-0932\jre\bin\sunmscapi.dll
0x00007ff8d4620000 - 0x00007ff8d4769000 	C:\Windows\System32\CRYPT32.dll
0x00007ff8d3670000 - 0x00007ff8d3682000 	C:\Windows\System32\MSASN1.dll
0x00007ff8d3100000 - 0x00007ff8d3126000 	C:\Windows\SYSTEM32\ncrypt.dll
0x00007ff8d30c0000 - 0x00007ff8d30fb000 	C:\Windows\SYSTEM32\NTASN1.dll
0x00007ff8b2da0000 - 0x00007ff8b2dc5000 	C:\Users\Aziz Tokhirov\.p2\pool\plugins\org.eclipse.justj.openjdk.hotspot.jre.full.win32.x86_64_14.0.2.v20200815-0932\jre\bin\sunec.dll

dbghelp: loaded successfully - version: 4.0.5 - missing functions: none
symbol engine: initialized successfully - sym options: 0x614 - pdb path: .;C:\Users\Aziz Tokhirov\.p2\pool\plugins\org.eclipse.justj.openjdk.hotspot.jre.full.win32.x86_64_14.0.2.v20200815-0932\jre\bin;C:\Windows\SYSTEM32;C:\Windows\WinSxS\amd64_microsoft.windows.common-controls_6595b64144ccf1df_6.0.18362.1139_none_9e7bf2d3e4605ac6;C:\Users\Aziz Tokhirov\.p2\pool\plugins\org.eclipse.justj.openjdk.hotspot.jre.full.win32.x86_64_14.0.2.v20200815-0932\jre\bin\server

VM Arguments:
jvm_args: -ea -Dfile.encoding=Cp1254 -XX:+ShowCodeDetailsInExceptionMessages 
java_command: org.testng.remote.RemoteTestNG -serport 54125 -protocol json -d C:\Users\Aziz Tokhirov\git\automation_practice\automation_practice\test-output C:\Users\AZIZTO~1\AppData\Local\Temp\testng-eclipse--571957090\testng-customsuite.xml
java_class_path (initial): C:\Users\Aziz Tokhirov\eclipse\java-2020-09\eclipse\configuration\org.eclipse.osgi\431\0\.cp\lib\testng-remote.jar;C:\Users\Aziz Tokhirov\git\automation_practice\automation_practice\target\test-classes;C:\Users\Aziz Tokhirov\git\automation_practice\automation_practice\target\classes;C:\Users\Aziz Tokhirov\testng-7.3.0.jar;C:\Users\Aziz Tokhirov\.m2\repository\org\seleniumhq\selenium\selenium-java\3.141.59\selenium-java-3.141.59.jar;C:\Users\Aziz Tokhirov\.m2\repository\org\seleniumhq\selenium\selenium-api\3.141.59\selenium-api-3.141.59.jar;C:\Users\Aziz Tokhirov\.m2\repository\org\seleniumhq\selenium\selenium-chrome-driver\3.141.59\selenium-chrome-driver-3.141.59.jar;C:\Users\Aziz Tokhirov\.m2\repository\org\seleniumhq\selenium\selenium-edge-driver\3.141.59\selenium-edge-driver-3.141.59.jar;C:\Users\Aziz Tokhirov\.m2\repository\org\seleniumhq\selenium\selenium-firefox-driver\3.141.59\selenium-firefox-driver-3.141.59.jar;C:\Users\Aziz Tokhirov\.m2\repository\org\seleniumhq\selenium\selenium-ie-driver\3.141.59\selenium-ie-driver-3.141.59.jar;C:\Users\Aziz Tokhirov\.m2\repository\org\seleniumhq\selenium\selenium-opera-driver\3.141.59\selenium-opera-driver-3.141.59.jar;C:\Users\Aziz Tokhirov\.m2\repository\org\seleniumhq\selenium\selenium-remote-driver\3.141.59\selenium-remote-driver-3.141.59.jar;C:\Users\Aziz Tokhirov\.m2\repository\org\seleniumhq\selenium\selenium-safari-driver\3.141.59\selenium-safari-driver-3.141.59.jar;C:\Users\Aziz Tokhirov\.m2\repository\org\seleniumhq\selenium\selenium-support\3.141.59\selenium-support-3.141.59.jar;C:\Users\Aziz Tokhirov\.m2\repository\net\bytebuddy\byte-buddy\1.8.15\byte-buddy-1.8.15.jar;C:\Users\Aziz Tokhirov\.m2\repository\org\apache\commons\commons-exec\1.3\commons-exec-1.3.jar;C:\Users\Aziz Tokhirov\.m2\repository\com\google\guava\guava\25.0-jre\guava-25.0-jre.jar;C:\Users\Aziz Tokhirov\.m2\repository\com\google\code\findbugs\jsr305\1.3.9\jsr305-1.3.9.jar;C:\Users\Aziz Tokhirov\.m2\repository\or
Launcher Type: SUN_STANDARD

[Global flags]
     intx CICompilerCount                          = 3                                         {product} {ergonomic}
     uint ConcGCThreads                            = 1                                         {product} {ergonomic}
     uint G1ConcRefinementThreads                  = 4                                         {product} {ergonomic}
   size_t G1HeapRegionSize                         = 1048576                                   {product} {ergonomic}
    uintx GCDrainStackTargetSize                   = 64                                        {product} {ergonomic}
   size_t InitialHeapSize                          = 134217728                                 {product} {ergonomic}
   size_t MarkStackSize                            = 4194304                                   {product} {ergonomic}
   size_t MaxHeapSize                              = 2128609280                                {product} {ergonomic}
   size_t MaxNewSize                               = 1277165568                                {product} {ergonomic}
   size_t MinHeapDeltaBytes                        = 1048576                                   {product} {ergonomic}
   size_t MinHeapSize                              = 8388608                                   {product} {ergonomic}
    uintx NonNMethodCodeHeapSize                   = 5832780                                {pd product} {ergonomic}
    uintx NonProfiledCodeHeapSize                  = 122912730                              {pd product} {ergonomic}
    uintx ProfiledCodeHeapSize                     = 122912730                              {pd product} {ergonomic}
    uintx ReservedCodeCacheSize                    = 251658240                              {pd product} {ergonomic}
     bool SegmentedCodeCache                       = true                                      {product} {ergonomic}
     bool ShowCodeDetailsInExceptionMessages       = true                                   {manageable} {command line}
   size_t SoftMaxHeapSize                          = 2128609280                             {manageable} {ergonomic}
     bool UseCompressedClassPointers               = true                                 {lp64_product} {ergonomic}
     bool UseCompressedOops                        = true                                 {lp64_product} {ergonomic}
     bool UseG1GC                                  = true                                      {product} {ergonomic}
     bool UseLargePagesIndividualAllocation        = false                                  {pd product} {ergonomic}

Logging:
Log output configuration:
 #0: stdout all=warning uptime,level,tags
 #1: stderr all=off uptime,level,tags

Environment Variables:
PATH=C:/Users/Aziz Tokhirov/.p2/pool/plugins/org.eclipse.justj.openjdk.hotspot.jre.full.win32.x86_64_14.0.2.v20200815-0932/jre/bin/server;C:/Users/Aziz Tokhirov/.p2/pool/plugins/org.eclipse.justj.openjdk.hotspot.jre.full.win32.x86_64_14.0.2.v20200815-0932/jre/bin;C:\Program Files (x86)\Common Files\Oracle\Java\javapath;C:\Program Files (x86)\Intel\iCLS Client\;C:\Program Files\Intel\iCLS Client\;C:\windows\system32;C:\windows;C:\windows\System32\Wbem;C:\windows\System32\WindowsPowerShell\v1.0\;C:\Program Files (x86)\NVIDIA Corporation\PhysX\Common;C:\Program Files (x86)\Intel\Intel(R) Management Engine Components\DAL;C:\Program Files\Intel\Intel(R) Management Engine Components\DAL;C:\Program Files (x86)\Intel\Intel(R) Management Engine Components\IPT;C:\Program Files\Intel\Intel(R) Management Engine Components\IPT;C:\Windows\system32;C:\Windows;C:\Windows\System32\Wbem;C:\Windows\System32\WindowsPowerShell\v1.0\;C:\Windows\System32\OpenSSH\;C:\Users\Aziz Tokhirov\apache-maven-3.6.3-bin\apache-maven-3.6.3\bin;C:\Users\Aziz Tokhirov\AppData\Local\Microsoft\WindowsApps;;C:\Users\Aziz Tokhirov\Desktop;
USERNAME=Aziz Tokhirov
OS=Windows_NT
PROCESSOR_IDENTIFIER=Intel64 Family 6 Model 78 Stepping 3, GenuineIntel



---------------  S Y S T E M  ---------------

OS: Windows 10 , 64 bit Build 18362 (10.0.18362.1110)
OS uptime: 28 days 8:23 hours

CPU:total 4 (initial active 4) (2 cores per cpu, 2 threads per core) family 6 model 78 stepping 3, cmov, cx8, fxsr, mmx, sse, sse2, sse3, ssse3, sse4.1, sse4.2, popcnt, avx, avx2, aes, clmul, erms, 3dnowpref, lzcnt, ht, tsc, tscinvbit, bmi1, bmi2, adx, fma

Memory: 4k page, system-wide physical 8112M (2087M free)
TotalPageFile size 32688M (AvailPageFile size 4M)
current process WorkingSet (physical memory assigned to process): 82M, peak: 82M
current process commit charge ("private bytes"): 220M, peak: 221M

vm_info: OpenJDK 64-Bit Server VM (14.0.2+12-46) for windows-amd64 JRE (14.0.2+12-46), built on Jul  9 2020 00:31:16 by "mach5one" with MS VC++ 15.9 (VS2017)

END.
